<?xml version="1.0" encoding="UTF-8"?>
<testng-results ignored="0" total="4" passed="4" failed="0" skipped="0">
  <reporter-output>
  </reporter-output>
  <suite started-at="2022-09-28T12:25:58Z" name="BrowserStack Test automtion regression suite" finished-at="2022-09-28T12:26:28Z" duration-ms="29672">
    <groups>
    </groups>
    <test started-at="2022-09-28T12:25:58Z" name="BrowserStack Test - Chrome" finished-at="2022-09-28T12:26:18Z" duration-ms="19727">
      <class name="com.mytests.SauceTest">
        <test-method is-config="true" signature="setUp(java.lang.String, java.lang.String, java.lang.String, java.lang.String, java.lang.reflect.Method)[pri:0, instance:com.mytests.SauceTest@a1cdc6d]" started-at="2022-09-28T17:55:58Z" name="setUp" finished-at="2022-09-28T17:56:05Z" duration-ms="7257" status="PASS">
          <params>
            <param index="0">
              <value>
                <![CDATA[Chrome]]>
              </value>
            </param>
            <param index="1">
              <value>
                <![CDATA[85.0]]>
              </value>
            </param>
            <param index="2">
              <value>
                <![CDATA[OS X]]>
              </value>
            </param>
            <param index="3">
              <value>
                <![CDATA[Catalina]]>
              </value>
            </param>
            <param index="4">
              <value>
                <![CDATA[public void com.mytests.SauceTest.checkInventoryItemTest()]]>
              </value>
            </param>
          </params>
          <reporter-output>
          </reporter-output>
        </test-method> <!-- setUp -->
        <test-method signature="checkInventoryItemTest()[pri:1, instance:com.mytests.SauceTest@a1cdc6d]" started-at="2022-09-28T17:56:05Z" name="checkInventoryItemTest" finished-at="2022-09-28T17:56:08Z" duration-ms="2814" status="PASS">
          <reporter-output>
          </reporter-output>
        </test-method> <!-- checkInventoryItemTest -->
        <test-method is-config="true" signature="tearDown()[pri:0, instance:com.mytests.SauceTest@a1cdc6d]" started-at="2022-09-28T17:56:08Z" name="tearDown" finished-at="2022-09-28T17:56:10Z" duration-ms="1639" status="PASS">
          <reporter-output>
          </reporter-output>
        </test-method> <!-- tearDown -->
        <test-method is-config="true" signature="setUp(java.lang.String, java.lang.String, java.lang.String, java.lang.String, java.lang.reflect.Method)[pri:0, instance:com.mytests.SauceTest@a1cdc6d]" started-at="2022-09-28T17:56:10Z" name="setUp" finished-at="2022-09-28T17:56:14Z" duration-ms="4769" status="PASS">
          <params>
            <param index="0">
              <value>
                <![CDATA[Chrome]]>
              </value>
            </param>
            <param index="1">
              <value>
                <![CDATA[85.0]]>
              </value>
            </param>
            <param index="2">
              <value>
                <![CDATA[OS X]]>
              </value>
            </param>
            <param index="3">
              <value>
                <![CDATA[Catalina]]>
              </value>
            </param>
            <param index="4">
              <value>
                <![CDATA[public void com.mytests.SauceTest.checkAddToCartButtonTest()]]>
              </value>
            </param>
          </params>
          <reporter-output>
          </reporter-output>
        </test-method> <!-- setUp -->
        <test-method signature="checkAddToCartButtonTest()[pri:2, instance:com.mytests.SauceTest@a1cdc6d]" started-at="2022-09-28T17:56:14Z" name="checkAddToCartButtonTest" finished-at="2022-09-28T17:56:16Z" duration-ms="1357" status="PASS">
          <reporter-output>
          </reporter-output>
        </test-method> <!-- checkAddToCartButtonTest -->
        <test-method is-config="true" signature="tearDown()[pri:0, instance:com.mytests.SauceTest@a1cdc6d]" started-at="2022-09-28T17:56:16Z" name="tearDown" finished-at="2022-09-28T17:56:18Z" duration-ms="1859" status="PASS">
          <reporter-output>
          </reporter-output>
        </test-method> <!-- tearDown -->
      </class> <!-- com.mytests.SauceTest -->
    </test> <!-- BrowserStack Test - Chrome -->
    <test started-at="2022-09-28T12:25:58Z" name="BrowserStack Test - FF" finished-at="2022-09-28T12:26:28Z" duration-ms="29672">
      <class name="com.mytests.SauceTest">
        <test-method is-config="true" signature="setUp(java.lang.String, java.lang.String, java.lang.String, java.lang.String, java.lang.reflect.Method)[pri:0, instance:com.mytests.SauceTest@ed7f8b4]" started-at="2022-09-28T17:55:58Z" name="setUp" finished-at="2022-09-28T17:56:09Z" duration-ms="11038" status="PASS">
          <params>
            <param index="0">
              <value>
                <![CDATA[Firefox]]>
              </value>
            </param>
            <param index="1">
              <value>
                <![CDATA[80.0]]>
              </value>
            </param>
            <param index="2">
              <value>
                <![CDATA[Windows]]>
              </value>
            </param>
            <param index="3">
              <value>
                <![CDATA[10]]>
              </value>
            </param>
            <param index="4">
              <value>
                <![CDATA[public void com.mytests.SauceTest.checkInventoryItemTest()]]>
              </value>
            </param>
          </params>
          <reporter-output>
          </reporter-output>
        </test-method> <!-- setUp -->
        <test-method signature="checkInventoryItemTest()[pri:1, instance:com.mytests.SauceTest@ed7f8b4]" started-at="2022-09-28T17:56:09Z" name="checkInventoryItemTest" finished-at="2022-09-28T17:56:11Z" duration-ms="1635" status="PASS">
          <reporter-output>
          </reporter-output>
        </test-method> <!-- checkInventoryItemTest -->
        <test-method is-config="true" signature="tearDown()[pri:0, instance:com.mytests.SauceTest@ed7f8b4]" started-at="2022-09-28T17:56:11Z" name="tearDown" finished-at="2022-09-28T17:56:12Z" duration-ms="1263" status="PASS">
          <reporter-output>
          </reporter-output>
        </test-method> <!-- tearDown -->
        <test-method is-config="true" signature="setUp(java.lang.String, java.lang.String, java.lang.String, java.lang.String, java.lang.reflect.Method)[pri:0, instance:com.mytests.SauceTest@ed7f8b4]" started-at="2022-09-28T17:56:12Z" name="setUp" finished-at="2022-09-28T17:56:23Z" duration-ms="11409" status="PASS">
          <params>
            <param index="0">
              <value>
                <![CDATA[Firefox]]>
              </value>
            </param>
            <param index="1">
              <value>
                <![CDATA[80.0]]>
              </value>
            </param>
            <param index="2">
              <value>
                <![CDATA[Windows]]>
              </value>
            </param>
            <param index="3">
              <value>
                <![CDATA[10]]>
              </value>
            </param>
            <param index="4">
              <value>
                <![CDATA[public void com.mytests.SauceTest.checkAddToCartButtonTest()]]>
              </value>
            </param>
          </params>
          <reporter-output>
          </reporter-output>
        </test-method> <!-- setUp -->
        <test-method signature="checkAddToCartButtonTest()[pri:2, instance:com.mytests.SauceTest@ed7f8b4]" started-at="2022-09-28T17:56:23Z" name="checkAddToCartButtonTest" finished-at="2022-09-28T17:56:26Z" duration-ms="2879" status="PASS">
          <reporter-output>
          </reporter-output>
        </test-method> <!-- checkAddToCartButtonTest -->
        <test-method is-config="true" signature="tearDown()[pri:0, instance:com.mytests.SauceTest@ed7f8b4]" started-at="2022-09-28T17:56:26Z" name="tearDown" finished-at="2022-09-28T17:56:28Z" duration-ms="1420" status="PASS">
          <reporter-output>
          </reporter-output>
        </test-method> <!-- tearDown -->
      </class> <!-- com.mytests.SauceTest -->
    </test> <!-- BrowserStack Test - FF -->
  </suite> <!-- BrowserStack Test automtion regression suite -->
</testng-results>
