<?xml version="1.0" encoding="UTF-8"?>
<!-- Generated by org.testng.reporters.JUnitXMLReporter -->
<testsuite ignored="0" hostname="LAPTOP-76PGCCB3" failures="0" tests="2" name="BrowserStack Test - Chrome" time="19.727" errors="0" timestamp="28 Sep 2022 12:26:18 GMT">
  <testcase classname="com.mytests.SauceTest" name="checkInventoryItemTest" time="2.814"/>
  <testcase classname="com.mytests.SauceTest" name="checkAddToCartButtonTest" time="1.357"/>
</testsuite> <!-- BrowserStack Test - Chrome -->
